Classic Timing Analyzer report for judge_seven
Fri Jun 03 17:19:32 2022
Quartus II Version 9.0 Build 235 06/17/2009 Service Pack 2 SJ Web Edition


---------------------
; Table of Contents ;
---------------------
  1. Legal Notice
  2. Timing Analyzer Summary
  3. Timing Analyzer Settings
  4. Clock Settings Summary
  5. Parallel Compilation
  6. Clock Setup: 'clk'
  7. tco
  8. tpd
  9. Timing Analyzer Messages



----------------
; Legal Notice ;
----------------
Copyright (C) 1991-2009 Altera Corporation
Your use of Altera Corporation's design tools, logic functions 
and other software and tools, and its AMPP partner logic 
functions, and any output files from any of the foregoing 
(including device programming or simulation files), and any 
associated documentation or information are expressly subject 
to the terms and conditions of the Altera Program License 
Subscription Agreement, Altera MegaCore Function License 
Agreement, or other applicable license agreement, including, 
without limitation, that your use is for the sole purpose of 
programming logic devices manufactured by Altera and sold by 
Altera or its authorized distributors.  Please refer to the 
applicable agreement for further details.



+-----------------------------------------------------------------------------------------------------------------------------------------------------------------+
; Timing Analyzer Summary                                                                                                                                         ;
+------------------------------+-------+---------------+------------------------------------------------+--------+---------+------------+----------+--------------+
; Type                         ; Slack ; Required Time ; Actual Time                                    ; From   ; To      ; From Clock ; To Clock ; Failed Paths ;
+------------------------------+-------+---------------+------------------------------------------------+--------+---------+------------+----------+--------------+
; Worst-case tco               ; N/A   ; None          ; 7.335 ns                                       ; count  ; pout[6] ; clk        ; --       ; 0            ;
; Worst-case tpd               ; N/A   ; None          ; 9.432 ns                                       ; change ; pout[6] ; --         ; --       ; 0            ;
; Clock Setup: 'clk'           ; N/A   ; None          ; Restricted to 500.00 MHz ( period = 2.000 ns ) ; count  ; count   ; clk        ; clk      ; 0            ;
; Total number of failed paths ;       ;               ;                                                ;        ;         ;            ;          ; 0            ;
+------------------------------+-------+---------------+------------------------------------------------+--------+---------+------------+----------+--------------+


+--------------------------------------------------------------------------------------------------------------------+
; Timing Analyzer Settings                                                                                           ;
+---------------------------------------------------------------------+--------------------+------+----+-------------+
; Option                                                              ; Setting            ; From ; To ; Entity Name ;
+---------------------------------------------------------------------+--------------------+------+----+-------------+
; Device Name                                                         ; EP2S15F484C3       ;      ;    ;             ;
; Timing Models                                                       ; Final              ;      ;    ;             ;
; Default hold multicycle                                             ; Same as Multicycle ;      ;    ;             ;
; Cut paths between unrelated clock domains                           ; On                 ;      ;    ;             ;
; Cut off read during write signal paths                              ; On                 ;      ;    ;             ;
; Cut off feedback from I/O pins                                      ; On                 ;      ;    ;             ;
; Report Combined Fast/Slow Timing                                    ; Off                ;      ;    ;             ;
; Ignore Clock Settings                                               ; Off                ;      ;    ;             ;
; Analyze latches as synchronous elements                             ; On                 ;      ;    ;             ;
; Enable Recovery/Removal analysis                                    ; Off                ;      ;    ;             ;
; Enable Clock Latency                                                ; Off                ;      ;    ;             ;
; Use TimeQuest Timing Analyzer                                       ; Off                ;      ;    ;             ;
; Number of source nodes to report per destination node               ; 10                 ;      ;    ;             ;
; Number of destination nodes to report                               ; 10                 ;      ;    ;             ;
; Number of paths to report                                           ; 200                ;      ;    ;             ;
; Report Minimum Timing Checks                                        ; Off                ;      ;    ;             ;
; Use Fast Timing Models                                              ; Off                ;      ;    ;             ;
; Report IO Paths Separately                                          ; Off                ;      ;    ;             ;
; Perform Multicorner Analysis                                        ; On                 ;      ;    ;             ;
; Reports the worst-case path for each clock domain and analysis      ; Off                ;      ;    ;             ;
; Removes common clock path pessimism (CCPP) during slack computation ; Off                ;      ;    ;             ;
; Output I/O Timing Endpoint                                          ; Near End           ;      ;    ;             ;
+---------------------------------------------------------------------+--------------------+------+----+-------------+


+------------------------------------------------------------------------------------------------------------------------------------------------------------------------------------+
; Clock Settings Summary                                                                                                                                                             ;
+-----------------+--------------------+----------+------------------+---------------+--------------+----------+-----------------------+---------------------+--------+--------------+
; Clock Node Name ; Clock Setting Name ; Type     ; Fmax Requirement ; Early Latency ; Late Latency ; Based on ; Multiply Base Fmax by ; Divide Base Fmax by ; Offset ; Phase offset ;
+-----------------+--------------------+----------+------------------+---------------+--------------+----------+-----------------------+---------------------+--------+--------------+
; clk             ;                    ; User Pin ; None             ; 0.000 ns      ; 0.000 ns     ; --       ; N/A                   ; N/A                 ; N/A    ;              ;
+-----------------+--------------------+----------+------------------+---------------+--------------+----------+-----------------------+---------------------+--------+--------------+


Parallel compilation was disabled, but you have multiple processors available. Enable parallel compilation to reduce compilation time.
+-------------------------------------+
; Parallel Compilation                ;
+----------------------------+--------+
; Processors                 ; Number ;
+----------------------------+--------+
; Number detected on machine ; 8      ;
; Maximum allowed            ; 1      ;
+----------------------------+--------+


+------------------------------------------------------------------------------------------------------------------------------------------------------------------------------------+
; Clock Setup: 'clk'                                                                                                                                                                 ;
+-------+------------------------------------------------+-------+-------+------------+----------+-----------------------------+---------------------------+-------------------------+
; Slack ; Actual fmax (period)                           ; From  ; To    ; From Clock ; To Clock ; Required Setup Relationship ; Required Longest P2P Time ; Actual Longest P2P Time ;
+-------+------------------------------------------------+-------+-------+------------+----------+-----------------------------+---------------------------+-------------------------+
; N/A   ; Restricted to 500.00 MHz ( period = 2.000 ns ) ; count ; count ; clk        ; clk      ; None                        ; None                      ; 0.488 ns                ;
+-------+------------------------------------------------+-------+-------+------------+----------+-----------------------------+---------------------------+-------------------------+


+------------------------------------------------------------------+
; tco                                                              ;
+-------+--------------+------------+-------+---------+------------+
; Slack ; Required tco ; Actual tco ; From  ; To      ; From Clock ;
+-------+--------------+------------+-------+---------+------------+
; N/A   ; None         ; 7.335 ns   ; count ; pout[6] ; clk        ;
; N/A   ; None         ; 7.315 ns   ; count ; pout[3] ; clk        ;
; N/A   ; None         ; 7.183 ns   ; count ; pout[1] ; clk        ;
; N/A   ; None         ; 6.972 ns   ; count ; pout[5] ; clk        ;
; N/A   ; None         ; 6.806 ns   ; count ; pout[2] ; clk        ;
; N/A   ; None         ; 6.796 ns   ; count ; pout[0] ; clk        ;
; N/A   ; None         ; 6.170 ns   ; count ; pout[4] ; clk        ;
+-------+--------------+------------+-------+---------+------------+


+----------------------------------------------------------------+
; tpd                                                            ;
+-------+-------------------+-----------------+--------+---------+
; Slack ; Required P2P Time ; Actual P2P Time ; From   ; To      ;
+-------+-------------------+-----------------+--------+---------+
; N/A   ; None              ; 9.432 ns        ; change ; pout[6] ;
; N/A   ; None              ; 9.412 ns        ; change ; pout[3] ;
; N/A   ; None              ; 9.280 ns        ; change ; pout[1] ;
; N/A   ; None              ; 9.069 ns        ; change ; pout[5] ;
; N/A   ; None              ; 8.903 ns        ; change ; pout[2] ;
; N/A   ; None              ; 8.893 ns        ; change ; pout[0] ;
; N/A   ; None              ; 8.267 ns        ; change ; pout[4] ;
; N/A   ; None              ; 7.891 ns        ; pin[1] ; pout[1] ;
; N/A   ; None              ; 7.727 ns        ; pin[3] ; pout[3] ;
; N/A   ; None              ; 7.061 ns        ; pin[5] ; pout[5] ;
; N/A   ; None              ; 6.905 ns        ; pin[2] ; pout[2] ;
; N/A   ; None              ; 6.864 ns        ; pin[0] ; pout[0] ;
; N/A   ; None              ; 6.859 ns        ; pin[4] ; pout[4] ;
; N/A   ; None              ; 6.698 ns        ; pin[6] ; pout[6] ;
+-------+-------------------+-----------------+--------+---------+


+--------------------------+
; Timing Analyzer Messages ;
+--------------------------+
Info: *******************************************************************
Info: Running Quartus II Classic Timing Analyzer
    Info: Version 9.0 Build 235 06/17/2009 Service Pack 2 SJ Web Edition
    Info: Processing started: Fri Jun 03 17:19:32 2022
Info: Command: quartus_tan --read_settings_files=off --write_settings_files=off judge_seven -c judge_seven --timing_analysis_only
Warning: Found pins functioning as undefined clocks and/or memory enables
    Info: Assuming node "clk" is an undefined clock
Info: Clock "clk" Internal fmax is restricted to 500.0 MHz between source register "count" and destination register "count"
    Info: fmax restricted to clock pin edge rate 2.0 ns. Expand message to see actual delay path.
        Info: + Longest register to register delay is 0.488 ns
            Info: 1: + IC(0.000 ns) + CELL(0.000 ns) = 0.000 ns; Loc. = LCFF_X39_Y5_N19; Fanout = 2; REG Node = 'count'
            Info: 2: + IC(0.000 ns) + CELL(0.333 ns) = 0.333 ns; Loc. = LCCOMB_X39_Y5_N18; Fanout = 1; COMB Node = 'count~0'
            Info: 3: + IC(0.000 ns) + CELL(0.155 ns) = 0.488 ns; Loc. = LCFF_X39_Y5_N19; Fanout = 2; REG Node = 'count'
            Info: Total cell delay = 0.488 ns ( 100.00 % )
        Info: - Smallest clock skew is 0.000 ns
            Info: + Shortest clock path from clock "clk" to destination register is 2.023 ns
                Info: 1: + IC(0.000 ns) + CELL(0.830 ns) = 0.830 ns; Loc. = PIN_U2; Fanout = 1; CLK Node = 'clk'
                Info: 2: + IC(0.575 ns) + CELL(0.618 ns) = 2.023 ns; Loc. = LCFF_X39_Y5_N19; Fanout = 2; REG Node = 'count'
                Info: Total cell delay = 1.448 ns ( 71.58 % )
                Info: Total interconnect delay = 0.575 ns ( 28.42 % )
            Info: - Longest clock path from clock "clk" to source register is 2.023 ns
                Info: 1: + IC(0.000 ns) + CELL(0.830 ns) = 0.830 ns; Loc. = PIN_U2; Fanout = 1; CLK Node = 'clk'
                Info: 2: + IC(0.575 ns) + CELL(0.618 ns) = 2.023 ns; Loc. = LCFF_X39_Y5_N19; Fanout = 2; REG Node = 'count'
                Info: Total cell delay = 1.448 ns ( 71.58 % )
                Info: Total interconnect delay = 0.575 ns ( 28.42 % )
        Info: + Micro clock to output delay of source is 0.094 ns
        Info: + Micro setup delay of destination is 0.090 ns
Info: tco from clock "clk" to destination pin "pout[6]" through register "count" is 7.335 ns
    Info: + Longest clock path from clock "clk" to source register is 2.023 ns
        Info: 1: + IC(0.000 ns) + CELL(0.830 ns) = 0.830 ns; Loc. = PIN_U2; Fanout = 1; CLK Node = 'clk'
        Info: 2: + IC(0.575 ns) + CELL(0.618 ns) = 2.023 ns; Loc. = LCFF_X39_Y5_N19; Fanout = 2; REG Node = 'count'
        Info: Total cell delay = 1.448 ns ( 71.58 % )
        Info: Total interconnect delay = 0.575 ns ( 28.42 % )
    Info: + Micro clock to output delay of source is 0.094 ns
    Info: + Longest register to pin delay is 5.218 ns
        Info: 1: + IC(0.000 ns) + CELL(0.000 ns) = 0.000 ns; Loc. = LCFF_X39_Y5_N19; Fanout = 2; REG Node = 'count'
        Info: 2: + IC(0.247 ns) + CELL(0.346 ns) = 0.593 ns; Loc. = LCCOMB_X39_Y5_N16; Fanout = 7; COMB Node = 'temp[6]~6'
        Info: 3: + IC(2.475 ns) + CELL(2.150 ns) = 5.218 ns; Loc. = PIN_R22; Fanout = 0; PIN Node = 'pout[6]'
        Info: Total cell delay = 2.496 ns ( 47.83 % )
        Info: Total interconnect delay = 2.722 ns ( 52.17 % )
Info: Longest tpd from source pin "change" to destination pin "pout[6]" is 9.432 ns
    Info: 1: + IC(0.000 ns) + CELL(0.857 ns) = 0.857 ns; Loc. = PIN_Y3; Fanout = 1; PIN Node = 'change'
    Info: 2: + IC(3.897 ns) + CELL(0.053 ns) = 4.807 ns; Loc. = LCCOMB_X39_Y5_N16; Fanout = 7; COMB Node = 'temp[6]~6'
    Info: 3: + IC(2.475 ns) + CELL(2.150 ns) = 9.432 ns; Loc. = PIN_R22; Fanout = 0; PIN Node = 'pout[6]'
    Info: Total cell delay = 3.060 ns ( 32.44 % )
    Info: Total interconnect delay = 6.372 ns ( 67.56 % )
Info: Quartus II Classic Timing Analyzer was successful. 0 errors, 1 warning
    Info: Peak virtual memory: 193 megabytes
    Info: Processing ended: Fri Jun 03 17:19:32 2022
    Info: Elapsed time: 00:00:00
    Info: Total CPU time (on all processors): 00:00:00


