Flow report for count_24
Mon Apr 11 20:46:31 2022
Quartus II Version 9.0 Build 235 06/17/2009 Service Pack 2 SJ Web Edition


---------------------
; Table of Contents ;
---------------------
  1. Legal Notice
  2. Flow Summary
  3. Flow Settings
  4. Flow Non-Default Global Settings
  5. Flow Elapsed Time
  6. Flow OS Summary
  7. Flow Log



----------------
; Legal Notice ;
----------------
Copyright (C) 1991-2009 Altera Corporation
Your use of Altera Corporation's design tools, logic functions 
and other software and tools, and its AMPP partner logic 
functions, and any output files from any of the foregoing 
(including device programming or simulation files), and any 
associated documentation or information are expressly subject 
to the terms and conditions of the Altera Program License 
Subscription Agreement, Altera MegaCore Function License 
Agreement, or other applicable license agreement, including, 
without limitation, that your use is for the sole purpose of 
programming logic devices manufactured by Altera and sold by 
Altera or its authorized distributors.  Please refer to the 
applicable agreement for further details.



+------------------------------------------------------------------------+
; Flow Summary                                                           ;
+-------------------------+----------------------------------------------+
; Flow Status             ; Successful - Mon Apr 11 20:46:31 2022        ;
; Quartus II Version      ; 9.0 Build 235 06/17/2009 SP 2 SJ Web Edition ;
; Revision Name           ; count_24                                     ;
; Top-level Entity Name   ; count_24                                     ;
; Family                  ; ACEX1K                                       ;
; Met timing requirements ; Yes                                          ;
; Total logic elements    ; 19 / 576 ( 3 % )                             ;
; Total pins              ; 13 / 66 ( 20 % )                             ;
; Total memory bits       ; 0 / 12,288 ( 0 % )                           ;
; Total PLLs              ; 0 / 1 ( 0 % )                                ;
; Device                  ; EP1K10TC100-1                                ;
; Timing Models           ; Final                                        ;
+-------------------------+----------------------------------------------+


+-----------------------------------------+
; Flow Settings                           ;
+-------------------+---------------------+
; Option            ; Setting             ;
+-------------------+---------------------+
; Start date & time ; 04/11/2022 20:46:28 ;
; Main task         ; Compilation         ;
; Revision Name     ; count_24            ;
+-------------------+---------------------+


+----------------------------------------------------------------------------------------------------------------------+
; Flow Non-Default Global Settings                                                                                     ;
+------------------------------------+----------------------------------+---------------+-------------+----------------+
; Assignment Name                    ; Value                            ; Default Value ; Entity Name ; Section Id     ;
+------------------------------------+----------------------------------+---------------+-------------+----------------+
; COMPILER_SIGNATURE_ID              ; 211210658774680.164968118819384  ; --            ; --          ; --             ;
; EDA_NETLIST_WRITER_OUTPUT_DIR      ; D:/dianziz/ring/simulation/qsim/ ; --            ; --          ; eda_simulation ;
; EDA_OUTPUT_DATA_FORMAT             ; Verilog Hdl                      ; --            ; --          ; eda_simulation ;
; EDA_SIMULATION_TOOL                ; ModelSim-Altera (Verilog)        ; <None>        ; --          ; --             ;
; EDA_TIME_SCALE                     ; 1 ps                             ; --            ; --          ; eda_simulation ;
; USE_GENERATED_PHYSICAL_CONSTRAINTS ; Off                              ; --            ; --          ; eda_blast_fpga ;
+------------------------------------+----------------------------------+---------------+-------------+----------------+


+-----------------------------------------------------------------------------------------------------------------------------+
; Flow Elapsed Time                                                                                                           ;
+-------------------------+--------------+-------------------------+---------------------+------------------------------------+
; Module Name             ; Elapsed Time ; Average Processors Used ; Peak Virtual Memory ; Total CPU Time (on all processors) ;
+-------------------------+--------------+-------------------------+---------------------+------------------------------------+
; Analysis & Synthesis    ; 00:00:00     ; 1.0                     ; 245 MB              ; 00:00:00                           ;
; Fitter                  ; 00:00:00     ; 1.0                     ; 218 MB              ; 00:00:00                           ;
; Assembler               ; 00:00:00     ; 1.0                     ; 203 MB              ; 00:00:00                           ;
; Classic Timing Analyzer ; 00:00:00     ; 1.0                     ; 173 MB              ; 00:00:00                           ;
; EDA Netlist Writer      ; 00:00:00     ; 1.0                     ; 158 MB              ; 00:00:00                           ;
; Total                   ; 00:00:00     ; --                      ; --                  ; 00:00:00                           ;
+-------------------------+--------------+-------------------------+---------------------+------------------------------------+


+------------------------------------------------------------------------------------------+
; Flow OS Summary                                                                          ;
+-------------------------+------------------+---------------+------------+----------------+
; Module Name             ; Machine Hostname ; OS Name       ; OS Version ; Processor type ;
+-------------------------+------------------+---------------+------------+----------------+
; Analysis & Synthesis    ; DESKTOP-1PKIODA  ; Windows Vista ; 6.2        ; x86_64         ;
; Fitter                  ; DESKTOP-1PKIODA  ; Windows Vista ; 6.2        ; x86_64         ;
; Assembler               ; DESKTOP-1PKIODA  ; Windows Vista ; 6.2        ; x86_64         ;
; Classic Timing Analyzer ; DESKTOP-1PKIODA  ; Windows Vista ; 6.2        ; x86_64         ;
; EDA Netlist Writer      ; DESKTOP-1PKIODA  ; Windows Vista ; 6.2        ; x86_64         ;
+-------------------------+------------------+---------------+------------+----------------+


------------
; Flow Log ;
------------
quartus_map --read_settings_files=on --write_settings_files=off count_24 -c count_24
quartus_fit --read_settings_files=off --write_settings_files=off count_24 -c count_24
quartus_asm --read_settings_files=off --write_settings_files=off count_24 -c count_24
quartus_tan --read_settings_files=off --write_settings_files=off count_24 -c count_24
quartus_eda --read_settings_files=off --write_settings_files=off count_24 -c count_24



