Classic Timing Analyzer report for divide
Sat Apr 16 14:44:45 2022
Quartus II Version 9.0 Build 235 06/17/2009 Service Pack 2 SJ Web Edition


---------------------
; Table of Contents ;
---------------------
  1. Legal Notice
  2. Timing Analyzer Summary
  3. Timing Analyzer Settings
  4. Clock Settings Summary
  5. Parallel Compilation
  6. Clock Setup: 'clk'
  7. tco
  8. Timing Analyzer Messages



----------------
; Legal Notice ;
----------------
Copyright (C) 1991-2009 Altera Corporation
Your use of Altera Corporation's design tools, logic functions 
and other software and tools, and its AMPP partner logic 
functions, and any output files from any of the foregoing 
(including device programming or simulation files), and any 
associated documentation or information are expressly subject 
to the terms and conditions of the Altera Program License 
Subscription Agreement, Altera MegaCore Function License 
Agreement, or other applicable license agreement, including, 
without limitation, that your use is for the sole purpose of 
programming logic devices manufactured by Altera and sold by 
Altera or its authorized distributors.  Please refer to the 
applicable agreement for further details.



+----------------------------------------------------------------------------------------------------------------------------------------------------+
; Timing Analyzer Summary                                                                                                                            ;
+------------------------------+-------+---------------+----------------------------------+---------+---------+------------+----------+--------------+
; Type                         ; Slack ; Required Time ; Actual Time                      ; From    ; To      ; From Clock ; To Clock ; Failed Paths ;
+------------------------------+-------+---------------+----------------------------------+---------+---------+------------+----------+--------------+
; Worst-case tco               ; N/A   ; None          ; 6.200 ns                         ; cp~reg0 ; cp      ; clk        ; --       ; 0            ;
; Clock Setup: 'clk'           ; N/A   ; None          ; 227.27 MHz ( period = 4.400 ns ) ; temp[3] ; temp[3] ; clk        ; clk      ; 0            ;
; Total number of failed paths ;       ;               ;                                  ;         ;         ;            ;          ; 0            ;
+------------------------------+-------+---------------+----------------------------------+---------+---------+------------+----------+--------------+


+--------------------------------------------------------------------------------------------------------------------+
; Timing Analyzer Settings                                                                                           ;
+---------------------------------------------------------------------+--------------------+------+----+-------------+
; Option                                                              ; Setting            ; From ; To ; Entity Name ;
+---------------------------------------------------------------------+--------------------+------+----+-------------+
; Device Name                                                         ; EP1K10TC100-1      ;      ;    ;             ;
; Timing Models                                                       ; Final              ;      ;    ;             ;
; Default hold multicycle                                             ; Same as Multicycle ;      ;    ;             ;
; Cut paths between unrelated clock domains                           ; On                 ;      ;    ;             ;
; Cut off read during write signal paths                              ; On                 ;      ;    ;             ;
; Cut off feedback from I/O pins                                      ; On                 ;      ;    ;             ;
; Report Combined Fast/Slow Timing                                    ; Off                ;      ;    ;             ;
; Ignore Clock Settings                                               ; Off                ;      ;    ;             ;
; Analyze latches as synchronous elements                             ; On                 ;      ;    ;             ;
; Enable Recovery/Removal analysis                                    ; Off                ;      ;    ;             ;
; Enable Clock Latency                                                ; Off                ;      ;    ;             ;
; Use TimeQuest Timing Analyzer                                       ; Off                ;      ;    ;             ;
; Number of source nodes to report per destination node               ; 10                 ;      ;    ;             ;
; Number of destination nodes to report                               ; 10                 ;      ;    ;             ;
; Number of paths to report                                           ; 200                ;      ;    ;             ;
; Report Minimum Timing Checks                                        ; Off                ;      ;    ;             ;
; Use Fast Timing Models                                              ; Off                ;      ;    ;             ;
; Report IO Paths Separately                                          ; Off                ;      ;    ;             ;
; Perform Multicorner Analysis                                        ; Off                ;      ;    ;             ;
; Reports the worst-case path for each clock domain and analysis      ; Off                ;      ;    ;             ;
; Removes common clock path pessimism (CCPP) during slack computation ; Off                ;      ;    ;             ;
; Output I/O Timing Endpoint                                          ; Near End           ;      ;    ;             ;
+---------------------------------------------------------------------+--------------------+------+----+-------------+


+------------------------------------------------------------------------------------------------------------------------------------------------------------------------------------+
; Clock Settings Summary                                                                                                                                                             ;
+-----------------+--------------------+----------+------------------+---------------+--------------+----------+-----------------------+---------------------+--------+--------------+
; Clock Node Name ; Clock Setting Name ; Type     ; Fmax Requirement ; Early Latency ; Late Latency ; Based on ; Multiply Base Fmax by ; Divide Base Fmax by ; Offset ; Phase offset ;
+-----------------+--------------------+----------+------------------+---------------+--------------+----------+-----------------------+---------------------+--------+--------------+
; clk             ;                    ; User Pin ; None             ; 0.000 ns      ; 0.000 ns     ; --       ; N/A                   ; N/A                 ; N/A    ;              ;
+-----------------+--------------------+----------+------------------+---------------+--------------+----------+-----------------------+---------------------+--------+--------------+


+------------------------------------------+
; Parallel Compilation                     ;
+----------------------------+-------------+
; Processors                 ; Number      ;
+----------------------------+-------------+
; Number detected on machine ; 8           ;
; Maximum allowed            ; 4           ;
;                            ;             ;
; Average used               ; 1.00        ;
; Maximum used               ; 1           ;
;                            ;             ;
; Usage by Processor         ; % Time Used ;
;     1 processor            ; 100.0%      ;
;     2-8 processors         ;   0.0%      ;
+----------------------------+-------------+


+----------------------------------------------------------------------------------------------------------------------------------------------------------------------------------------+
; Clock Setup: 'clk'                                                                                                                                                                     ;
+-------+------------------------------------------------+---------+---------+------------+----------+-----------------------------+---------------------------+-------------------------+
; Slack ; Actual fmax (period)                           ; From    ; To      ; From Clock ; To Clock ; Required Setup Relationship ; Required Longest P2P Time ; Actual Longest P2P Time ;
+-------+------------------------------------------------+---------+---------+------------+----------+-----------------------------+---------------------------+-------------------------+
; N/A   ; 227.27 MHz ( period = 4.400 ns )               ; temp[3] ; temp[3] ; clk        ; clk      ; None                        ; None                      ; 3.700 ns                ;
; N/A   ; 232.56 MHz ( period = 4.300 ns )               ; temp[3] ; temp[9] ; clk        ; clk      ; None                        ; None                      ; 3.600 ns                ;
; N/A   ; 232.56 MHz ( period = 4.300 ns )               ; temp[2] ; temp[3] ; clk        ; clk      ; None                        ; None                      ; 3.600 ns                ;
; N/A   ; 232.56 MHz ( period = 4.300 ns )               ; temp[3] ; temp[8] ; clk        ; clk      ; None                        ; None                      ; 3.600 ns                ;
; N/A   ; 232.56 MHz ( period = 4.300 ns )               ; temp[3] ; temp[7] ; clk        ; clk      ; None                        ; None                      ; 3.600 ns                ;
; N/A   ; 238.10 MHz ( period = 4.200 ns )               ; temp[2] ; temp[9] ; clk        ; clk      ; None                        ; None                      ; 3.500 ns                ;
; N/A   ; 238.10 MHz ( period = 4.200 ns )               ; temp[2] ; temp[8] ; clk        ; clk      ; None                        ; None                      ; 3.500 ns                ;
; N/A   ; 238.10 MHz ( period = 4.200 ns )               ; temp[2] ; temp[7] ; clk        ; clk      ; None                        ; None                      ; 3.500 ns                ;
; N/A   ; 243.90 MHz ( period = 4.100 ns )               ; temp[9] ; temp[3] ; clk        ; clk      ; None                        ; None                      ; 3.400 ns                ;
; N/A   ; 243.90 MHz ( period = 4.100 ns )               ; temp[7] ; temp[3] ; clk        ; clk      ; None                        ; None                      ; 3.400 ns                ;
; N/A   ; 250.00 MHz ( period = 4.000 ns )               ; temp[9] ; temp[9] ; clk        ; clk      ; None                        ; None                      ; 3.300 ns                ;
; N/A   ; 250.00 MHz ( period = 4.000 ns )               ; temp[7] ; temp[9] ; clk        ; clk      ; None                        ; None                      ; 3.300 ns                ;
; N/A   ; 250.00 MHz ( period = 4.000 ns )               ; temp[4] ; temp[3] ; clk        ; clk      ; None                        ; None                      ; 3.300 ns                ;
; N/A   ; 250.00 MHz ( period = 4.000 ns )               ; temp[9] ; temp[8] ; clk        ; clk      ; None                        ; None                      ; 3.300 ns                ;
; N/A   ; 250.00 MHz ( period = 4.000 ns )               ; temp[7] ; temp[8] ; clk        ; clk      ; None                        ; None                      ; 3.300 ns                ;
; N/A   ; 250.00 MHz ( period = 4.000 ns )               ; temp[9] ; temp[7] ; clk        ; clk      ; None                        ; None                      ; 3.300 ns                ;
; N/A   ; 250.00 MHz ( period = 4.000 ns )               ; temp[7] ; temp[7] ; clk        ; clk      ; None                        ; None                      ; 3.300 ns                ;
; N/A   ; 250.00 MHz ( period = 4.000 ns )               ; temp[3] ; temp[6] ; clk        ; clk      ; None                        ; None                      ; 3.300 ns                ;
; N/A   ; 250.00 MHz ( period = 4.000 ns )               ; temp[3] ; temp[5] ; clk        ; clk      ; None                        ; None                      ; 3.300 ns                ;
; N/A   ; Restricted to 250.00 MHz ( period = 4.000 ns ) ; temp[4] ; temp[9] ; clk        ; clk      ; None                        ; None                      ; 3.200 ns                ;
; N/A   ; Restricted to 250.00 MHz ( period = 4.000 ns ) ; temp[8] ; temp[3] ; clk        ; clk      ; None                        ; None                      ; 3.200 ns                ;
; N/A   ; Restricted to 250.00 MHz ( period = 4.000 ns ) ; temp[5] ; temp[3] ; clk        ; clk      ; None                        ; None                      ; 3.200 ns                ;
; N/A   ; Restricted to 250.00 MHz ( period = 4.000 ns ) ; temp[4] ; temp[8] ; clk        ; clk      ; None                        ; None                      ; 3.200 ns                ;
; N/A   ; Restricted to 250.00 MHz ( period = 4.000 ns ) ; temp[4] ; temp[7] ; clk        ; clk      ; None                        ; None                      ; 3.200 ns                ;
; N/A   ; Restricted to 250.00 MHz ( period = 4.000 ns ) ; temp[2] ; temp[6] ; clk        ; clk      ; None                        ; None                      ; 3.200 ns                ;
; N/A   ; Restricted to 250.00 MHz ( period = 4.000 ns ) ; temp[2] ; temp[5] ; clk        ; clk      ; None                        ; None                      ; 3.200 ns                ;
; N/A   ; Restricted to 250.00 MHz ( period = 4.000 ns ) ; temp[8] ; temp[9] ; clk        ; clk      ; None                        ; None                      ; 3.100 ns                ;
; N/A   ; Restricted to 250.00 MHz ( period = 4.000 ns ) ; temp[5] ; temp[9] ; clk        ; clk      ; None                        ; None                      ; 3.100 ns                ;
; N/A   ; Restricted to 250.00 MHz ( period = 4.000 ns ) ; temp[6] ; temp[3] ; clk        ; clk      ; None                        ; None                      ; 3.100 ns                ;
; N/A   ; Restricted to 250.00 MHz ( period = 4.000 ns ) ; temp[8] ; temp[8] ; clk        ; clk      ; None                        ; None                      ; 3.100 ns                ;
; N/A   ; Restricted to 250.00 MHz ( period = 4.000 ns ) ; temp[5] ; temp[8] ; clk        ; clk      ; None                        ; None                      ; 3.100 ns                ;
; N/A   ; Restricted to 250.00 MHz ( period = 4.000 ns ) ; temp[8] ; temp[7] ; clk        ; clk      ; None                        ; None                      ; 3.100 ns                ;
; N/A   ; Restricted to 250.00 MHz ( period = 4.000 ns ) ; temp[5] ; temp[7] ; clk        ; clk      ; None                        ; None                      ; 3.100 ns                ;
; N/A   ; Restricted to 250.00 MHz ( period = 4.000 ns ) ; temp[7] ; cp~reg0 ; clk        ; clk      ; None                        ; None                      ; 3.000 ns                ;
; N/A   ; Restricted to 250.00 MHz ( period = 4.000 ns ) ; temp[0] ; temp[9] ; clk        ; clk      ; None                        ; None                      ; 3.000 ns                ;
; N/A   ; Restricted to 250.00 MHz ( period = 4.000 ns ) ; temp[6] ; temp[9] ; clk        ; clk      ; None                        ; None                      ; 3.000 ns                ;
; N/A   ; Restricted to 250.00 MHz ( period = 4.000 ns ) ; temp[6] ; temp[8] ; clk        ; clk      ; None                        ; None                      ; 3.000 ns                ;
; N/A   ; Restricted to 250.00 MHz ( period = 4.000 ns ) ; temp[6] ; temp[7] ; clk        ; clk      ; None                        ; None                      ; 3.000 ns                ;
; N/A   ; Restricted to 250.00 MHz ( period = 4.000 ns ) ; temp[9] ; temp[6] ; clk        ; clk      ; None                        ; None                      ; 3.000 ns                ;
; N/A   ; Restricted to 250.00 MHz ( period = 4.000 ns ) ; temp[0] ; temp[6] ; clk        ; clk      ; None                        ; None                      ; 3.000 ns                ;
; N/A   ; Restricted to 250.00 MHz ( period = 4.000 ns ) ; temp[7] ; temp[6] ; clk        ; clk      ; None                        ; None                      ; 3.000 ns                ;
; N/A   ; Restricted to 250.00 MHz ( period = 4.000 ns ) ; temp[4] ; temp[6] ; clk        ; clk      ; None                        ; None                      ; 3.000 ns                ;
; N/A   ; Restricted to 250.00 MHz ( period = 4.000 ns ) ; temp[9] ; temp[5] ; clk        ; clk      ; None                        ; None                      ; 3.000 ns                ;
; N/A   ; Restricted to 250.00 MHz ( period = 4.000 ns ) ; temp[7] ; temp[5] ; clk        ; clk      ; None                        ; None                      ; 3.000 ns                ;
; N/A   ; Restricted to 250.00 MHz ( period = 4.000 ns ) ; temp[1] ; temp[9] ; clk        ; clk      ; None                        ; None                      ; 2.900 ns                ;
; N/A   ; Restricted to 250.00 MHz ( period = 4.000 ns ) ; temp[0] ; temp[8] ; clk        ; clk      ; None                        ; None                      ; 2.900 ns                ;
; N/A   ; Restricted to 250.00 MHz ( period = 4.000 ns ) ; temp[1] ; temp[6] ; clk        ; clk      ; None                        ; None                      ; 2.900 ns                ;
; N/A   ; Restricted to 250.00 MHz ( period = 4.000 ns ) ; temp[0] ; temp[5] ; clk        ; clk      ; None                        ; None                      ; 2.900 ns                ;
; N/A   ; Restricted to 250.00 MHz ( period = 4.000 ns ) ; temp[4] ; temp[5] ; clk        ; clk      ; None                        ; None                      ; 2.900 ns                ;
; N/A   ; Restricted to 250.00 MHz ( period = 4.000 ns ) ; temp[8] ; cp~reg0 ; clk        ; clk      ; None                        ; None                      ; 2.800 ns                ;
; N/A   ; Restricted to 250.00 MHz ( period = 4.000 ns ) ; temp[5] ; cp~reg0 ; clk        ; clk      ; None                        ; None                      ; 2.800 ns                ;
; N/A   ; Restricted to 250.00 MHz ( period = 4.000 ns ) ; temp[1] ; temp[8] ; clk        ; clk      ; None                        ; None                      ; 2.800 ns                ;
; N/A   ; Restricted to 250.00 MHz ( period = 4.000 ns ) ; temp[0] ; temp[7] ; clk        ; clk      ; None                        ; None                      ; 2.800 ns                ;
; N/A   ; Restricted to 250.00 MHz ( period = 4.000 ns ) ; temp[8] ; temp[6] ; clk        ; clk      ; None                        ; None                      ; 2.800 ns                ;
; N/A   ; Restricted to 250.00 MHz ( period = 4.000 ns ) ; temp[5] ; temp[6] ; clk        ; clk      ; None                        ; None                      ; 2.800 ns                ;
; N/A   ; Restricted to 250.00 MHz ( period = 4.000 ns ) ; temp[8] ; temp[5] ; clk        ; clk      ; None                        ; None                      ; 2.800 ns                ;
; N/A   ; Restricted to 250.00 MHz ( period = 4.000 ns ) ; temp[1] ; temp[5] ; clk        ; clk      ; None                        ; None                      ; 2.800 ns                ;
; N/A   ; Restricted to 250.00 MHz ( period = 4.000 ns ) ; temp[5] ; temp[5] ; clk        ; clk      ; None                        ; None                      ; 2.800 ns                ;
; N/A   ; Restricted to 250.00 MHz ( period = 4.000 ns ) ; temp[6] ; cp~reg0 ; clk        ; clk      ; None                        ; None                      ; 2.700 ns                ;
; N/A   ; Restricted to 250.00 MHz ( period = 4.000 ns ) ; temp[1] ; temp[7] ; clk        ; clk      ; None                        ; None                      ; 2.700 ns                ;
; N/A   ; Restricted to 250.00 MHz ( period = 4.000 ns ) ; temp[6] ; temp[6] ; clk        ; clk      ; None                        ; None                      ; 2.700 ns                ;
; N/A   ; Restricted to 250.00 MHz ( period = 4.000 ns ) ; temp[6] ; temp[5] ; clk        ; clk      ; None                        ; None                      ; 2.700 ns                ;
; N/A   ; Restricted to 250.00 MHz ( period = 4.000 ns ) ; temp[0] ; temp[3] ; clk        ; clk      ; None                        ; None                      ; 2.600 ns                ;
; N/A   ; Restricted to 250.00 MHz ( period = 4.000 ns ) ; temp[1] ; temp[3] ; clk        ; clk      ; None                        ; None                      ; 2.500 ns                ;
; N/A   ; Restricted to 250.00 MHz ( period = 4.000 ns ) ; temp[0] ; temp[4] ; clk        ; clk      ; None                        ; None                      ; 2.500 ns                ;
; N/A   ; Restricted to 250.00 MHz ( period = 4.000 ns ) ; temp[1] ; temp[4] ; clk        ; clk      ; None                        ; None                      ; 2.400 ns                ;
; N/A   ; Restricted to 250.00 MHz ( period = 4.000 ns ) ; temp[2] ; temp[4] ; clk        ; clk      ; None                        ; None                      ; 2.300 ns                ;
; N/A   ; Restricted to 250.00 MHz ( period = 4.000 ns ) ; temp[4] ; temp[4] ; clk        ; clk      ; None                        ; None                      ; 2.300 ns                ;
; N/A   ; Restricted to 250.00 MHz ( period = 4.000 ns ) ; temp[3] ; temp[4] ; clk        ; clk      ; None                        ; None                      ; 2.200 ns                ;
; N/A   ; Restricted to 250.00 MHz ( period = 4.000 ns ) ; temp[0] ; temp[2] ; clk        ; clk      ; None                        ; None                      ; 2.000 ns                ;
; N/A   ; Restricted to 250.00 MHz ( period = 4.000 ns ) ; temp[2] ; cp~reg0 ; clk        ; clk      ; None                        ; None                      ; 1.900 ns                ;
; N/A   ; Restricted to 250.00 MHz ( period = 4.000 ns ) ; temp[1] ; temp[2] ; clk        ; clk      ; None                        ; None                      ; 1.900 ns                ;
; N/A   ; Restricted to 250.00 MHz ( period = 4.000 ns ) ; temp[0] ; temp[1] ; clk        ; clk      ; None                        ; None                      ; 1.900 ns                ;
; N/A   ; Restricted to 250.00 MHz ( period = 4.000 ns ) ; temp[3] ; cp~reg0 ; clk        ; clk      ; None                        ; None                      ; 1.700 ns                ;
; N/A   ; Restricted to 250.00 MHz ( period = 4.000 ns ) ; temp[4] ; cp~reg0 ; clk        ; clk      ; None                        ; None                      ; 1.700 ns                ;
; N/A   ; Restricted to 250.00 MHz ( period = 4.000 ns ) ; temp[2] ; temp[2] ; clk        ; clk      ; None                        ; None                      ; 1.600 ns                ;
; N/A   ; Restricted to 250.00 MHz ( period = 4.000 ns ) ; temp[1] ; temp[1] ; clk        ; clk      ; None                        ; None                      ; 1.600 ns                ;
; N/A   ; Restricted to 250.00 MHz ( period = 4.000 ns ) ; temp[9] ; cp~reg0 ; clk        ; clk      ; None                        ; None                      ; 1.000 ns                ;
; N/A   ; Restricted to 250.00 MHz ( period = 4.000 ns ) ; temp[0] ; temp[0] ; clk        ; clk      ; None                        ; None                      ; 0.700 ns                ;
+-------+------------------------------------------------+---------+---------+------------+----------+-----------------------------+---------------------------+-------------------------+


+---------------------------------------------------------------+
; tco                                                           ;
+-------+--------------+------------+---------+----+------------+
; Slack ; Required tco ; Actual tco ; From    ; To ; From Clock ;
+-------+--------------+------------+---------+----+------------+
; N/A   ; None         ; 6.200 ns   ; cp~reg0 ; cp ; clk        ;
+-------+--------------+------------+---------+----+------------+


+--------------------------+
; Timing Analyzer Messages ;
+--------------------------+
Info: *******************************************************************
Info: Running Quartus II Classic Timing Analyzer
    Info: Version 9.0 Build 235 06/17/2009 Service Pack 2 SJ Web Edition
    Info: Processing started: Sat Apr 16 14:44:45 2022
Info: Command: quartus_tan --read_settings_files=off --write_settings_files=off divide -c divide
Info: Parallel compilation is enabled and will use 4 of the 8 processors detected
Info: Started post-fitting delay annotation
Info: Delay annotation completed successfully
Warning: Found pins functioning as undefined clocks and/or memory enables
    Info: Assuming node "clk" is an undefined clock
Info: Clock "clk" has Internal fmax of 227.27 MHz between source register "temp[3]" and destination register "temp[3]" (period= 4.4 ns)
    Info: + Longest register to register delay is 3.700 ns
        Info: 1: + IC(0.000 ns) + CELL(0.000 ns) = 0.000 ns; Loc. = LC2_A22; Fanout = 4; REG Node = 'temp[3]'
        Info: 2: + IC(0.400 ns) + CELL(1.100 ns) = 1.500 ns; Loc. = LC7_A23; Fanout = 1; COMB Node = 'Equal0~1'
        Info: 3: + IC(0.100 ns) + CELL(1.000 ns) = 2.600 ns; Loc. = LC1_A23; Fanout = 6; COMB Node = 'Equal0~2'
        Info: 4: + IC(0.500 ns) + CELL(0.600 ns) = 3.700 ns; Loc. = LC2_A22; Fanout = 4; REG Node = 'temp[3]'
        Info: Total cell delay = 2.700 ns ( 72.97 % )
        Info: Total interconnect delay = 1.000 ns ( 27.03 % )
    Info: - Smallest clock skew is 0.000 ns
        Info: + Shortest clock path from clock "clk" to destination register is 1.500 ns
            Info: 1: + IC(0.000 ns) + CELL(1.300 ns) = 1.300 ns; Loc. = PIN_39; Fanout = 11; CLK Node = 'clk'
            Info: 2: + IC(0.200 ns) + CELL(0.000 ns) = 1.500 ns; Loc. = LC2_A22; Fanout = 4; REG Node = 'temp[3]'
            Info: Total cell delay = 1.300 ns ( 86.67 % )
            Info: Total interconnect delay = 0.200 ns ( 13.33 % )
        Info: - Longest clock path from clock "clk" to source register is 1.500 ns
            Info: 1: + IC(0.000 ns) + CELL(1.300 ns) = 1.300 ns; Loc. = PIN_39; Fanout = 11; CLK Node = 'clk'
            Info: 2: + IC(0.200 ns) + CELL(0.000 ns) = 1.500 ns; Loc. = LC2_A22; Fanout = 4; REG Node = 'temp[3]'
            Info: Total cell delay = 1.300 ns ( 86.67 % )
            Info: Total interconnect delay = 0.200 ns ( 13.33 % )
    Info: + Micro clock to output delay of source is 0.300 ns
    Info: + Micro setup delay of destination is 0.400 ns
Info: tco from clock "clk" to destination pin "cp" through register "cp~reg0" is 6.200 ns
    Info: + Longest clock path from clock "clk" to source register is 1.500 ns
        Info: 1: + IC(0.000 ns) + CELL(1.300 ns) = 1.300 ns; Loc. = PIN_39; Fanout = 11; CLK Node = 'clk'
        Info: 2: + IC(0.200 ns) + CELL(0.000 ns) = 1.500 ns; Loc. = LC5_A23; Fanout = 1; REG Node = 'cp~reg0'
        Info: Total cell delay = 1.300 ns ( 86.67 % )
        Info: Total interconnect delay = 0.200 ns ( 13.33 % )
    Info: + Micro clock to output delay of source is 0.300 ns
    Info: + Longest register to pin delay is 4.400 ns
        Info: 1: + IC(0.000 ns) + CELL(0.000 ns) = 0.000 ns; Loc. = LC5_A23; Fanout = 1; REG Node = 'cp~reg0'
        Info: 2: + IC(0.600 ns) + CELL(3.800 ns) = 4.400 ns; Loc. = PIN_8; Fanout = 0; PIN Node = 'cp'
        Info: Total cell delay = 3.800 ns ( 86.36 % )
        Info: Total interconnect delay = 0.600 ns ( 13.64 % )
Info: Quartus II Classic Timing Analyzer was successful. 0 errors, 1 warning
    Info: Peak virtual memory: 187 megabytes
    Info: Processing ended: Sat Apr 16 14:44:45 2022
    Info: Elapsed time: 00:00:00
    Info: Total CPU time (on all processors): 00:00:00


