Classic Timing Analyzer report for two_four_trans
Wed Apr 13 21:55:23 2022
Quartus II Version 9.0 Build 235 06/17/2009 Service Pack 2 SJ Web Edition


---------------------
; Table of Contents ;
---------------------
  1. Legal Notice
  2. Timing Analyzer Summary
  3. Timing Analyzer Settings
  4. Clock Settings Summary
  5. Parallel Compilation
  6. tsu
  7. tco
  8. th
  9. Timing Analyzer Messages



----------------
; Legal Notice ;
----------------
Copyright (C) 1991-2009 Altera Corporation
Your use of Altera Corporation's design tools, logic functions 
and other software and tools, and its AMPP partner logic 
functions, and any output files from any of the foregoing 
(including device programming or simulation files), and any 
associated documentation or information are expressly subject 
to the terms and conditions of the Altera Program License 
Subscription Agreement, Altera MegaCore Function License 
Agreement, or other applicable license agreement, including, 
without limitation, that your use is for the sole purpose of 
programming logic devices manufactured by Altera and sold by 
Altera or its authorized distributors.  Please refer to the 
applicable agreement for further details.



+-------------------------------------------------------------------------------------------------------------------------------+
; Timing Analyzer Summary                                                                                                       ;
+------------------------------+-------+---------------+-------------+---------+---------+------------+----------+--------------+
; Type                         ; Slack ; Required Time ; Actual Time ; From    ; To      ; From Clock ; To Clock ; Failed Paths ;
+------------------------------+-------+---------------+-------------+---------+---------+------------+----------+--------------+
; Worst-case tsu               ; N/A   ; None          ; 3.200 ns    ; d[1]    ; temp[3] ; --         ; en       ; 0            ;
; Worst-case tco               ; N/A   ; None          ; 7.300 ns    ; temp[1] ; s[1]    ; en         ; --       ; 0            ;
; Worst-case th                ; N/A   ; None          ; -1.100 ns   ; d[1]    ; temp[2] ; --         ; en       ; 0            ;
; Total number of failed paths ;       ;               ;             ;         ;         ;            ;          ; 0            ;
+------------------------------+-------+---------------+-------------+---------+---------+------------+----------+--------------+


+--------------------------------------------------------------------------------------------------------------------+
; Timing Analyzer Settings                                                                                           ;
+---------------------------------------------------------------------+--------------------+------+----+-------------+
; Option                                                              ; Setting            ; From ; To ; Entity Name ;
+---------------------------------------------------------------------+--------------------+------+----+-------------+
; Device Name                                                         ; EP1K10TC100-1      ;      ;    ;             ;
; Timing Models                                                       ; Final              ;      ;    ;             ;
; Default hold multicycle                                             ; Same as Multicycle ;      ;    ;             ;
; Cut paths between unrelated clock domains                           ; On                 ;      ;    ;             ;
; Cut off read during write signal paths                              ; On                 ;      ;    ;             ;
; Cut off feedback from I/O pins                                      ; On                 ;      ;    ;             ;
; Report Combined Fast/Slow Timing                                    ; Off                ;      ;    ;             ;
; Ignore Clock Settings                                               ; Off                ;      ;    ;             ;
; Analyze latches as synchronous elements                             ; On                 ;      ;    ;             ;
; Enable Recovery/Removal analysis                                    ; Off                ;      ;    ;             ;
; Enable Clock Latency                                                ; Off                ;      ;    ;             ;
; Use TimeQuest Timing Analyzer                                       ; Off                ;      ;    ;             ;
; Number of source nodes to report per destination node               ; 10                 ;      ;    ;             ;
; Number of destination nodes to report                               ; 10                 ;      ;    ;             ;
; Number of paths to report                                           ; 200                ;      ;    ;             ;
; Report Minimum Timing Checks                                        ; Off                ;      ;    ;             ;
; Use Fast Timing Models                                              ; Off                ;      ;    ;             ;
; Report IO Paths Separately                                          ; Off                ;      ;    ;             ;
; Perform Multicorner Analysis                                        ; Off                ;      ;    ;             ;
; Reports the worst-case path for each clock domain and analysis      ; Off                ;      ;    ;             ;
; Removes common clock path pessimism (CCPP) during slack computation ; Off                ;      ;    ;             ;
; Output I/O Timing Endpoint                                          ; Near End           ;      ;    ;             ;
+---------------------------------------------------------------------+--------------------+------+----+-------------+


+------------------------------------------------------------------------------------------------------------------------------------------------------------------------------------+
; Clock Settings Summary                                                                                                                                                             ;
+-----------------+--------------------+----------+------------------+---------------+--------------+----------+-----------------------+---------------------+--------+--------------+
; Clock Node Name ; Clock Setting Name ; Type     ; Fmax Requirement ; Early Latency ; Late Latency ; Based on ; Multiply Base Fmax by ; Divide Base Fmax by ; Offset ; Phase offset ;
+-----------------+--------------------+----------+------------------+---------------+--------------+----------+-----------------------+---------------------+--------+--------------+
; en              ;                    ; User Pin ; None             ; 0.000 ns      ; 0.000 ns     ; --       ; N/A                   ; N/A                 ; N/A    ;              ;
+-----------------+--------------------+----------+------------------+---------------+--------------+----------+-----------------------+---------------------+--------+--------------+


Parallel compilation was disabled, but you have multiple processors available. Enable parallel compilation to reduce compilation time.
+-------------------------------------+
; Parallel Compilation                ;
+----------------------------+--------+
; Processors                 ; Number ;
+----------------------------+--------+
; Number detected on machine ; 8      ;
; Maximum allowed            ; 1      ;
+----------------------------+--------+


+---------------------------------------------------------------+
; tsu                                                           ;
+-------+--------------+------------+------+---------+----------+
; Slack ; Required tsu ; Actual tsu ; From ; To      ; To Clock ;
+-------+--------------+------------+------+---------+----------+
; N/A   ; None         ; 3.200 ns   ; d[0] ; temp[1] ; en       ;
; N/A   ; None         ; 3.200 ns   ; d[0] ; temp[2] ; en       ;
; N/A   ; None         ; 3.200 ns   ; d[1] ; temp[0] ; en       ;
; N/A   ; None         ; 3.200 ns   ; d[1] ; temp[3] ; en       ;
; N/A   ; None         ; 3.000 ns   ; d[0] ; temp[0] ; en       ;
; N/A   ; None         ; 3.000 ns   ; d[0] ; temp[3] ; en       ;
; N/A   ; None         ; 3.000 ns   ; d[1] ; temp[1] ; en       ;
; N/A   ; None         ; 3.000 ns   ; d[1] ; temp[2] ; en       ;
+-------+--------------+------------+------+---------+----------+


+-----------------------------------------------------------------+
; tco                                                             ;
+-------+--------------+------------+---------+------+------------+
; Slack ; Required tco ; Actual tco ; From    ; To   ; From Clock ;
+-------+--------------+------------+---------+------+------------+
; N/A   ; None         ; 7.300 ns   ; temp[1] ; s[1] ; en         ;
; N/A   ; None         ; 6.600 ns   ; temp[0] ; s[0] ; en         ;
; N/A   ; None         ; 6.400 ns   ; temp[3] ; s[3] ; en         ;
; N/A   ; None         ; 6.400 ns   ; temp[2] ; s[2] ; en         ;
+-------+--------------+------------+---------+------+------------+


+---------------------------------------------------------------------+
; th                                                                  ;
+---------------+-------------+-----------+------+---------+----------+
; Minimum Slack ; Required th ; Actual th ; From ; To      ; To Clock ;
+---------------+-------------+-----------+------+---------+----------+
; N/A           ; None        ; -1.100 ns ; d[0] ; temp[0] ; en       ;
; N/A           ; None        ; -1.100 ns ; d[0] ; temp[3] ; en       ;
; N/A           ; None        ; -1.100 ns ; d[1] ; temp[1] ; en       ;
; N/A           ; None        ; -1.100 ns ; d[1] ; temp[2] ; en       ;
; N/A           ; None        ; -1.300 ns ; d[0] ; temp[1] ; en       ;
; N/A           ; None        ; -1.300 ns ; d[0] ; temp[2] ; en       ;
; N/A           ; None        ; -1.300 ns ; d[1] ; temp[0] ; en       ;
; N/A           ; None        ; -1.300 ns ; d[1] ; temp[3] ; en       ;
+---------------+-------------+-----------+------+---------+----------+


+--------------------------+
; Timing Analyzer Messages ;
+--------------------------+
Info: *******************************************************************
Info: Running Quartus II Classic Timing Analyzer
    Info: Version 9.0 Build 235 06/17/2009 Service Pack 2 SJ Web Edition
    Info: Processing started: Wed Apr 13 21:55:23 2022
Info: Command: quartus_tan --read_settings_files=off --write_settings_files=off two_four_trans -c two_four_trans
Info: Started post-fitting delay annotation
Info: Delay annotation completed successfully
Warning: Timing Analysis is analyzing one or more combinational loops as latches
    Warning: Node "temp[0]" is a latch
    Warning: Node "temp[1]" is a latch
    Warning: Node "temp[2]" is a latch
    Warning: Node "temp[3]" is a latch
Warning: Found pins functioning as undefined clocks and/or memory enables
    Info: Assuming node "en" is a latch enable and/or memory write/read enable. Will not compute fmax for this pin.
Info: tsu for register "temp[1]" (data pin = "d[0]", clock pin = "en") is 3.200 ns
    Info: + Longest pin to register delay is 3.500 ns
        Info: 1: + IC(0.000 ns) + CELL(1.300 ns) = 1.300 ns; Loc. = PIN_89; Fanout = 4; PIN Node = 'd[0]'
        Info: 2: + IC(0.100 ns) + CELL(1.000 ns) = 2.400 ns; Loc. = LC5_C23; Fanout = 1; COMB Node = 'Mux0~1'
        Info: 3: + IC(0.100 ns) + CELL(1.000 ns) = 3.500 ns; Loc. = LC1_C23; Fanout = 1; REG Node = 'temp[1]'
        Info: Total cell delay = 3.300 ns ( 94.29 % )
        Info: Total interconnect delay = 0.200 ns ( 5.71 % )
    Info: + Micro setup delay of destination is 1.900 ns
    Info: - Shortest clock path from clock "en" to destination register is 2.200 ns
        Info: 1: + IC(0.000 ns) + CELL(1.300 ns) = 1.300 ns; Loc. = PIN_38; Fanout = 4; CLK Node = 'en'
        Info: 2: + IC(0.100 ns) + CELL(0.800 ns) = 2.200 ns; Loc. = LC1_C23; Fanout = 1; REG Node = 'temp[1]'
        Info: Total cell delay = 2.100 ns ( 95.45 % )
        Info: Total interconnect delay = 0.100 ns ( 4.55 % )
Info: tco from clock "en" to destination pin "s[1]" through register "temp[1]" is 7.300 ns
    Info: + Longest clock path from clock "en" to source register is 2.200 ns
        Info: 1: + IC(0.000 ns) + CELL(1.300 ns) = 1.300 ns; Loc. = PIN_38; Fanout = 4; CLK Node = 'en'
        Info: 2: + IC(0.100 ns) + CELL(0.800 ns) = 2.200 ns; Loc. = LC1_C23; Fanout = 1; REG Node = 'temp[1]'
        Info: Total cell delay = 2.100 ns ( 95.45 % )
        Info: Total interconnect delay = 0.100 ns ( 4.55 % )
    Info: + Micro clock to output delay of source is 0.000 ns
    Info: + Longest register to pin delay is 5.100 ns
        Info: 1: + IC(0.000 ns) + CELL(0.000 ns) = 0.000 ns; Loc. = LC1_C23; Fanout = 1; REG Node = 'temp[1]'
        Info: 2: + IC(1.300 ns) + CELL(3.800 ns) = 5.100 ns; Loc. = PIN_58; Fanout = 0; PIN Node = 's[1]'
        Info: Total cell delay = 3.800 ns ( 74.51 % )
        Info: Total interconnect delay = 1.300 ns ( 25.49 % )
Info: th for register "temp[0]" (data pin = "d[0]", clock pin = "en") is -1.100 ns
    Info: + Longest clock path from clock "en" to destination register is 2.200 ns
        Info: 1: + IC(0.000 ns) + CELL(1.300 ns) = 1.300 ns; Loc. = PIN_38; Fanout = 4; CLK Node = 'en'
        Info: 2: + IC(0.100 ns) + CELL(0.800 ns) = 2.200 ns; Loc. = LC7_C23; Fanout = 1; REG Node = 'temp[0]'
        Info: Total cell delay = 2.100 ns ( 95.45 % )
        Info: Total interconnect delay = 0.100 ns ( 4.55 % )
    Info: + Micro hold delay of destination is 0.000 ns
    Info: - Shortest pin to register delay is 3.300 ns
        Info: 1: + IC(0.000 ns) + CELL(1.300 ns) = 1.300 ns; Loc. = PIN_89; Fanout = 4; PIN Node = 'd[0]'
        Info: 2: + IC(0.100 ns) + CELL(0.800 ns) = 2.200 ns; Loc. = LC3_C23; Fanout = 1; COMB Node = 'Mux0~0'
        Info: 3: + IC(0.100 ns) + CELL(1.000 ns) = 3.300 ns; Loc. = LC7_C23; Fanout = 1; REG Node = 'temp[0]'
        Info: Total cell delay = 3.100 ns ( 93.94 % )
        Info: Total interconnect delay = 0.200 ns ( 6.06 % )
Info: Quartus II Classic Timing Analyzer was successful. 0 errors, 6 warnings
    Info: Peak virtual memory: 186 megabytes
    Info: Processing ended: Wed Apr 13 21:55:23 2022
    Info: Elapsed time: 00:00:00
    Info: Total CPU time (on all processors): 00:00:00


