Flow report for medicine
Thu Jun 09 13:37:30 2022
Quartus II Version 9.0 Build 235 06/17/2009 Service Pack 2 SJ Web Edition


---------------------
; Table of Contents ;
---------------------
  1. Legal Notice
  2. Flow Summary
  3. Flow Settings
  4. Flow Non-Default Global Settings
  5. Flow Elapsed Time
  6. Flow OS Summary
  7. Flow Log



----------------
; Legal Notice ;
----------------
Copyright (C) 1991-2009 Altera Corporation
Your use of Altera Corporation's design tools, logic functions 
and other software and tools, and its AMPP partner logic 
functions, and any output files from any of the foregoing 
(including device programming or simulation files), and any 
associated documentation or information are expressly subject 
to the terms and conditions of the Altera Program License 
Subscription Agreement, Altera MegaCore Function License 
Agreement, or other applicable license agreement, including, 
without limitation, that your use is for the sole purpose of 
programming logic devices manufactured by Altera and sold by 
Altera or its authorized distributors.  Please refer to the 
applicable agreement for further details.



+------------------------------------------------------------------------+
; Flow Summary                                                           ;
+-------------------------+----------------------------------------------+
; Flow Status             ; Successful - Thu Jun 09 13:37:30 2022        ;
; Quartus II Version      ; 9.0 Build 235 06/17/2009 SP 2 SJ Web Edition ;
; Revision Name           ; medicine                                     ;
; Top-level Entity Name   ; total1                                       ;
; Family                  ; MAX7000S                                     ;
; Device                  ; EPM7128SLC84-15                              ;
; Timing Models           ; Final                                        ;
; Met timing requirements ; Yes                                          ;
; Total macrocells        ; 97 / 128 ( 76 % )                            ;
; Total pins              ; 50 / 68 ( 74 % )                             ;
+-------------------------+----------------------------------------------+


+-----------------------------------------+
; Flow Settings                           ;
+-------------------+---------------------+
; Option            ; Setting             ;
+-------------------+---------------------+
; Start date & time ; 06/09/2022 13:37:25 ;
; Main task         ; Compilation         ;
; Revision Name     ; medicine            ;
+-------------------+---------------------+


+----------------------------------------------------------------------------------------------------------------------------------------------+
; Flow Non-Default Global Settings                                                                                                             ;
+------------------------------------+----------------------------------------------------+---------------+-------------+----------------------+
; Assignment Name                    ; Value                                              ; Default Value ; Entity Name ; Section Id           ;
+------------------------------------+----------------------------------------------------+---------------+-------------+----------------------+
; COMPILER_SIGNATURE_ID              ; 193675816286020.165475304508000                    ; --            ; --          ; --                   ;
; EDA_DESIGN_ENTRY_SYNTHESIS_TOOL    ; Design Compiler                                    ; <None>        ; --          ; --                   ;
; EDA_INPUT_DATA_FORMAT              ; Vhdl                                               ; --            ; --          ; eda_design_synthesis ;
; EDA_INPUT_VCC_NAME                 ; Vdd                                                ; --            ; --          ; eda_design_synthesis ;
; EDA_LMF_FILE                       ; altsyn.lmf                                         ; --            ; --          ; eda_design_synthesis ;
; EDA_NETLIST_WRITER_OUTPUT_DIR      ; timing/custom                                      ; --            ; --          ; eda_timing_analysis  ;
; EDA_OUTPUT_DATA_FORMAT             ; Vhdl                                               ; --            ; --          ; eda_simulation       ;
; EDA_OUTPUT_DATA_FORMAT             ; Vhdl                                               ; --            ; --          ; eda_timing_analysis  ;
; EDA_SIMULATION_TOOL                ; Custom VHDL                                        ; <None>        ; --          ; --                   ;
; EDA_TIMING_ANALYSIS_TOOL           ; Custom VHDL                                        ; <None>        ; --          ; --                   ;
; FITTER_EFFORT                      ; Standard Fit                                       ; Auto Fit      ; --          ; --                   ;
; MAX_CORE_JUNCTION_TEMP             ; 85                                                 ; --            ; --          ; --                   ;
; MIN_CORE_JUNCTION_TEMP             ; 0                                                  ; --            ; --          ; --                   ;
; MISC_FILE                          ; D:/Quartusll 9.0/quartus/medicine_lab/medicine.dpf ; --            ; --          ; --                   ;
; OPTIMIZE_HOLD_TIMING               ; Off                                                ; --            ; --          ; --                   ;
; TOP_LEVEL_ENTITY                   ; total1                                             ; medicine      ; --          ; --                   ;
; USE_GENERATED_PHYSICAL_CONSTRAINTS ; Off                                                ; --            ; --          ; eda_blast_fpga       ;
+------------------------------------+----------------------------------------------------+---------------+-------------+----------------------+


+-----------------------------------------------------------------------------------------------------------------------------+
; Flow Elapsed Time                                                                                                           ;
+-------------------------+--------------+-------------------------+---------------------+------------------------------------+
; Module Name             ; Elapsed Time ; Average Processors Used ; Peak Virtual Memory ; Total CPU Time (on all processors) ;
+-------------------------+--------------+-------------------------+---------------------+------------------------------------+
; Analysis & Synthesis    ; 00:00:02     ; 1.0                     ; 249 MB              ; 00:00:02                           ;
; Fitter                  ; 00:00:01     ; 1.0                     ; 208 MB              ; 00:00:00                           ;
; Assembler               ; 00:00:00     ; 1.0                     ; 201 MB              ; 00:00:00                           ;
; Classic Timing Analyzer ; 00:00:01     ; 1.0                     ; 175 MB              ; 00:00:00                           ;
; EDA Netlist Writer      ; 00:00:00     ; 1.0                     ; 163 MB              ; 00:00:00                           ;
; Total                   ; 00:00:04     ; --                      ; --                  ; 00:00:02                           ;
+-------------------------+--------------+-------------------------+---------------------+------------------------------------+


+------------------------------------------------------------------------------------------+
; Flow OS Summary                                                                          ;
+-------------------------+------------------+---------------+------------+----------------+
; Module Name             ; Machine Hostname ; OS Name       ; OS Version ; Processor type ;
+-------------------------+------------------+---------------+------------+----------------+
; Analysis & Synthesis    ; DESKTOP-7R1N8C1  ; Windows Vista ; 6.2        ; x86_64         ;
; Fitter                  ; DESKTOP-7R1N8C1  ; Windows Vista ; 6.2        ; x86_64         ;
; Assembler               ; DESKTOP-7R1N8C1  ; Windows Vista ; 6.2        ; x86_64         ;
; Classic Timing Analyzer ; DESKTOP-7R1N8C1  ; Windows Vista ; 6.2        ; x86_64         ;
; EDA Netlist Writer      ; DESKTOP-7R1N8C1  ; Windows Vista ; 6.2        ; x86_64         ;
+-------------------------+------------------+---------------+------------+----------------+


------------
; Flow Log ;
------------
quartus_map --read_settings_files=on --write_settings_files=off medicine -c medicine
quartus_fit --read_settings_files=off --write_settings_files=off medicine -c medicine
quartus_asm --read_settings_files=off --write_settings_files=off medicine -c medicine
quartus_tan --read_settings_files=off --write_settings_files=off medicine -c medicine
quartus_eda --read_settings_files=off --write_settings_files=off medicine -c medicine



