EDA Netlist Writer report for medicine
Thu Jun 09 13:37:30 2022
Quartus II Version 9.0 Build 235 06/17/2009 Service Pack 2 SJ Web Edition


---------------------
; Table of Contents ;
---------------------
  1. Legal Notice
  2. EDA Netlist Writer Summary
  3. Simulation Settings
  4. Simulation Generated Files
  5. Timing Analysis Settings
  6. Timing Analysis Generated Files
  7. EDA Netlist Writer Messages



----------------
; Legal Notice ;
----------------
Copyright (C) 1991-2009 Altera Corporation
Your use of Altera Corporation's design tools, logic functions 
and other software and tools, and its AMPP partner logic 
functions, and any output files from any of the foregoing 
(including device programming or simulation files), and any 
associated documentation or information are expressly subject 
to the terms and conditions of the Altera Program License 
Subscription Agreement, Altera MegaCore Function License 
Agreement, or other applicable license agreement, including, 
without limitation, that your use is for the sole purpose of 
programming logic devices manufactured by Altera and sold by 
Altera or its authorized distributors.  Please refer to the 
applicable agreement for further details.



+------------------------------------------------------------------------+
; EDA Netlist Writer Summary                                             ;
+--------------------------------+---------------------------------------+
; EDA Netlist Writer Status      ; Successful - Thu Jun 09 13:37:30 2022 ;
; Revision Name                  ; medicine                              ;
; Top-level Entity Name          ; total1                                ;
; Family                         ; MAX7000S                              ;
; Simulation Files Creation      ; Successful                            ;
; Timing Analysis Files Creation ; Successful                            ;
+--------------------------------+---------------------------------------+


+-----------------------------------------------------------------------------------------------------------------+
; Simulation Settings                                                                                             ;
+---------------------------------------------------------------------------------------------------+-------------+
; Option                                                                                            ; Setting     ;
+---------------------------------------------------------------------------------------------------+-------------+
; Tool Name                                                                                         ; Custom VHDL ;
; Generate netlist for functional simulation only                                                   ; Off         ;
; Time scale                                                                                        ; 1 ps        ;
; Truncate long hierarchy paths                                                                     ; Off         ;
; Map illegal HDL characters                                                                        ; Off         ;
; Flatten buses into individual nodes                                                               ; Off         ;
; Maintain hierarchy                                                                                ; Off         ;
; Bring out device-wide set/reset signals as ports                                                  ; Off         ;
; Enable glitch filtering                                                                           ; Off         ;
; Do not write top level VHDL entity                                                                ; Off         ;
; Disable detection of setup and hold time violations in the input registers of bi-directional pins ; Off         ;
; Architecture name in VHDL output netlist                                                          ; structure   ;
; Generate third-party EDA tool command script for RTL functional simulation                        ; Off         ;
; Generate third-party EDA tool command script for gate-level simulation                            ; Off         ;
+---------------------------------------------------------------------------------------------------+-------------+


+--------------------------------------------------------------------------+
; Simulation Generated Files                                               ;
+--------------------------------------------------------------------------+
; Generated Files                                                          ;
+--------------------------------------------------------------------------+
; D:/Quartusll 9.0/quartus/medicine_lab/simulation/custom/medicine.vho     ;
; D:/Quartusll 9.0/quartus/medicine_lab/simulation/custom/medicine_vhd.sdo ;
+--------------------------------------------------------------------------+


+---------------------------------------------------+
; Timing Analysis Settings                          ;
+-------------------------------------+-------------+
; Option                              ; Setting     ;
+-------------------------------------+-------------+
; Tool Name                           ; Custom VHDL ;
; Time scale                          ; 1 ps        ;
; Truncate long hierarchy paths       ; Off         ;
; Map illegal HDL characters          ; Off         ;
; Flatten buses into individual nodes ; Off         ;
+-------------------------------------+-------------+


+----------------------------------------------------------------------+
; Timing Analysis Generated Files                                      ;
+----------------------------------------------------------------------+
; Generated Files                                                      ;
+----------------------------------------------------------------------+
; D:/Quartusll 9.0/quartus/medicine_lab/timing/custom/medicine.vho     ;
; D:/Quartusll 9.0/quartus/medicine_lab/timing/custom/medicine_vhd.sdo ;
+----------------------------------------------------------------------+


+-----------------------------+
; EDA Netlist Writer Messages ;
+-----------------------------+
Info: *******************************************************************
Info: Running Quartus II EDA Netlist Writer
    Info: Version 9.0 Build 235 06/17/2009 Service Pack 2 SJ Web Edition
    Info: Processing started: Thu Jun 09 13:37:30 2022
Info: Command: quartus_eda --read_settings_files=off --write_settings_files=off medicine -c medicine
Info: Generated files "medicine.vho" and "medicine_vhd.sdo" in directory "D:/Quartusll 9.0/quartus/medicine_lab/simulation/custom/" for EDA simulation tool
Info: Generated files "medicine.vho" and "medicine_vhd.sdo" in directory "D:/Quartusll 9.0/quartus/medicine_lab/timing/custom/" for EDA timing analysis tool
Info: Quartus II EDA Netlist Writer was successful. 0 errors, 0 warnings
    Info: Peak virtual memory: 168 megabytes
    Info: Processing ended: Thu Jun 09 13:37:31 2022
    Info: Elapsed time: 00:00:01
    Info: Total CPU time (on all processors): 00:00:00


